<?xml version="1.0" encoding="UTF-8"?>
<testng-results skipped="0" failed="0" ignored="0" total="1" passed="1">
  <reporter-output>
  </reporter-output>
  <suite name="Default suite" duration-ms="12539" started-at="2021-02-24T07:22:03Z" finished-at="2021-02-24T07:22:16Z">
    <groups>
    </groups>
    <test name="Default test" duration-ms="12539" started-at="2021-02-24T07:22:03Z" finished-at="2021-02-24T07:22:16Z">
      <class name="test.testcase1">
        <test-method status="PASS" signature="launchBrowser()[pri:0, instance:test.testcase1@4c762604]" name="launchBrowser" is-config="true" duration-ms="5020" started-at="2021-02-24T07:22:03Z" finished-at="2021-02-24T07:22:08Z">
          <reporter-output>
          </reporter-output>
        </test-method> <!-- launchBrowser -->
        <test-method status="PASS" signature="Logintest()[pri:0, instance:test.testcase1@4c762604]" name="Logintest" duration-ms="7419" started-at="2021-02-24T07:22:08Z" finished-at="2021-02-24T07:22:16Z">
          <reporter-output>
          </reporter-output>
        </test-method> <!-- Logintest -->
        <test-method status="PASS" signature="CloseBrowser()[pri:0, instance:test.testcase1@4c762604]" name="CloseBrowser" is-config="true" duration-ms="73" started-at="2021-02-24T07:22:16Z" finished-at="2021-02-24T07:22:16Z">
          <reporter-output>
          </reporter-output>
        </test-method> <!-- CloseBrowser -->
      </class> <!-- test.testcase1 -->
    </test> <!-- Default test -->
  </suite> <!-- Default suite -->
</testng-results>
